app/build/intermediates/manifest_merge_blame_file/release/processReleaseMainManifest/manifest-merger-blame-release-report.txt
1<?xml version="1.0" encoding="utf-8"?>
2<manifest xmlns:android="http://schemas.android.com/apk/res/android"
3    package="com.habizy.app"
4    android:versionCode="1"
5    android:versionName="1.0" >
6
7    <uses-sdk
7-->INJECTED
8        android:minSdkVersion="26"
8-->INJECTED
9        android:targetSdkVersion="36" />
9-->INJECTED
10
11    <uses-permission android:name="android.permission.INTERNET" />
11-->src/main/AndroidManifest.xml:5:5-67
11-->src/main/AndroidManifest.xml:5:22-64
12    <uses-permission android:name="android.permission.CAMERA" />
12-->src/main/AndroidManifest.xml:6:5-65
12-->src/main/AndroidManifest.xml:6:22-62
13    <uses-permission android:name="android.permission.POST_NOTIFICATIONS" />
13-->src/main/AndroidManifest.xml:7:5-77
13-->src/main/AndroidManifest.xml:7:22-74
14    <uses-permission android:name="android.permission.ACCESS_NETWORK_STATE" />
14-->[com.google.firebase:firebase-messaging:25.1.0] AndroidManifest.xml:22:5-79
14-->[com.google.firebase:firebase-messaging:25.1.0] AndroidManifest.xml:22:22-76
15    <uses-permission android:name="android.permission.WAKE_LOCK" /> <!-- Required by older versions of Google Play services to create IID tokens -->
15-->[com.google.firebase:firebase-messaging:25.1.0] AndroidManifest.xml:24:5-68
15-->[com.google.firebase:firebase-messaging:25.1.0] AndroidManifest.xml:24:22-65
16    <uses-permission android:name="com.google.android.c2dm.permission.RECEIVE" />
16-->[com.google.firebase:firebase-messaging:25.1.0] AndroidManifest.xml:26:5-82
16-->[com.google.firebase:firebase-messaging:25.1.0] AndroidManifest.xml:26:22-79
17
18    <permission
18-->[androidx.core:core:1.18.0] AndroidManifest.xml:22:5-24:47
19        android:name="com.habizy.app.DYNAMIC_RECEIVER_NOT_EXPORTED_PERMISSION"
19-->[androidx.core:core:1.18.0] AndroidManifest.xml:23:9-81
20        android:protectionLevel="signature" />
20-->[androidx.core:core:1.18.0] AndroidManifest.xml:24:9-44
21
22    <uses-permission android:name="com.habizy.app.DYNAMIC_RECEIVER_NOT_EXPORTED_PERMISSION" />
22-->[androidx.core:core:1.18.0] AndroidManifest.xml:26:5-97
22-->[androidx.core:core:1.18.0] AndroidManifest.xml:26:22-94
23
24    <application
24-->src/main/AndroidManifest.xml:9:5-49:19
25        android:name="com.habizy.app.CagnotteApp"
25-->src/main/AndroidManifest.xml:10:9-36
26        android:allowBackup="true"
26-->src/main/AndroidManifest.xml:11:9-35
27        android:appComponentFactory="androidx.core.app.CoreComponentFactory"
27-->[androidx.core:core:1.18.0] AndroidManifest.xml:28:18-86
28        android:dataExtractionRules="@xml/data_extraction_rules"
28-->src/main/AndroidManifest.xml:12:9-65
29        android:extractNativeLibs="false"
29-->INJECTED
30        android:fullBackupContent="@xml/backup_rules"
30-->src/main/AndroidManifest.xml:13:9-54
31        android:icon="@mipmap/ic_launcher"
31-->src/main/AndroidManifest.xml:14:9-43
32        android:label="@string/app_name"
32-->src/main/AndroidManifest.xml:15:9-41
33        android:networkSecurityConfig="@xml/network_security_config"
33-->src/main/AndroidManifest.xml:16:9-69
34        android:roundIcon="@mipmap/ic_launcher_round"
34-->src/main/AndroidManifest.xml:17:9-54
35        android:supportsRtl="true"
35-->src/main/AndroidManifest.xml:18:9-35
36        android:theme="@style/Theme.Cagnotte" >
36-->src/main/AndroidManifest.xml:19:9-46
37        <activity
37-->src/main/AndroidManifest.xml:21:9-29:20
38            android:name="com.habizy.app.MainActivity"
38-->src/main/AndroidManifest.xml:22:13-41
39            android:exported="true"
39-->src/main/AndroidManifest.xml:23:13-36
40            android:windowSoftInputMode="adjustResize" >
40-->src/main/AndroidManifest.xml:24:13-55
41            <intent-filter>
41-->src/main/AndroidManifest.xml:25:13-28:29
42                <action android:name="android.intent.action.MAIN" />
42-->src/main/AndroidManifest.xml:26:17-69
42-->src/main/AndroidManifest.xml:26:25-66
43
44                <category android:name="android.intent.category.LAUNCHER" />
44-->src/main/AndroidManifest.xml:27:17-77
44-->src/main/AndroidManifest.xml:27:27-74
45            </intent-filter>
46        </activity>
47
48        <service
48-->src/main/AndroidManifest.xml:31:9-37:19
49            android:name="com.habizy.app.notification.CagnotteMessagingService"
49-->src/main/AndroidManifest.xml:32:13-66
50            android:exported="false" >
50-->src/main/AndroidManifest.xml:33:13-37
51            <intent-filter>
51-->src/main/AndroidManifest.xml:34:13-36:29
52                <action android:name="com.google.firebase.MESSAGING_EVENT" />
52-->src/main/AndroidManifest.xml:35:17-78
52-->src/main/AndroidManifest.xml:35:25-75
53            </intent-filter>
54        </service>
55
56        <provider
56-->INJECTED
57            android:name="androidx.core.content.FileProvider"
57-->src/main/AndroidManifest.xml:40:13-62
58            android:authorities="com.habizy.app.provider"
58-->INJECTED
59            android:exported="false"
59-->src/main/AndroidManifest.xml:42:13-37
60            android:grantUriPermissions="true" >
60-->src/main/AndroidManifest.xml:43:13-47
61            <meta-data
61-->src/main/AndroidManifest.xml:44:13-46:54
62                android:name="android.support.FILE_PROVIDER_PATHS"
62-->src/main/AndroidManifest.xml:45:17-67
63                android:resource="@xml/file_paths" />
63-->src/main/AndroidManifest.xml:46:17-51
64        </provider>
65
66        <receiver
66-->[com.google.firebase:firebase-messaging:25.1.0] AndroidManifest.xml:29:9-40:20
67            android:name="com.google.firebase.iid.FirebaseInstanceIdReceiver"
67-->[com.google.firebase:firebase-messaging:25.1.0] AndroidManifest.xml:30:13-78
68            android:exported="true"
68-->[com.google.firebase:firebase-messaging:25.1.0] AndroidManifest.xml:31:13-36
69            android:permission="com.google.android.c2dm.permission.SEND" >
69-->[com.google.firebase:firebase-messaging:25.1.0] AndroidManifest.xml:32:13-73
70            <intent-filter>
70-->[com.google.firebase:firebase-messaging:25.1.0] AndroidManifest.xml:33:13-35:29
71                <action android:name="com.google.android.c2dm.intent.RECEIVE" />
71-->[com.google.firebase:firebase-messaging:25.1.0] AndroidManifest.xml:34:17-81
71-->[com.google.firebase:firebase-messaging:25.1.0] AndroidManifest.xml:34:25-78
72            </intent-filter>
73
74            <meta-data
74-->[com.google.firebase:firebase-messaging:25.1.0] AndroidManifest.xml:37:13-39:40
75                android:name="com.google.android.gms.cloudmessaging.FINISHED_AFTER_HANDLED"
75-->[com.google.firebase:firebase-messaging:25.1.0] AndroidManifest.xml:38:17-92
76                android:value="true" />
76-->[com.google.firebase:firebase-messaging:25.1.0] AndroidManifest.xml:39:17-37
77        </receiver>
78        <!--
79             FirebaseMessagingService performs security checks at runtime,
80             but set to not exported to explicitly avoid allowing another app to call it.
81        -->
82        <service
82-->[com.google.firebase:firebase-messaging:25.1.0] AndroidManifest.xml:46:9-53:19
83            android:name="com.google.firebase.messaging.FirebaseMessagingService"
83-->[com.google.firebase:firebase-messaging:25.1.0] AndroidManifest.xml:47:13-82
84            android:directBootAware="true"
84-->[com.google.firebase:firebase-messaging:25.1.0] AndroidManifest.xml:48:13-43
85            android:exported="false" >
85-->[com.google.firebase:firebase-messaging:25.1.0] AndroidManifest.xml:49:13-37
86            <intent-filter android:priority="-500" >
86-->src/main/AndroidManifest.xml:34:13-36:29
87                <action android:name="com.google.firebase.MESSAGING_EVENT" />
87-->src/main/AndroidManifest.xml:35:17-78
87-->src/main/AndroidManifest.xml:35:25-75
88            </intent-filter>
89        </service>
90        <service
90-->[com.google.firebase:firebase-messaging:25.1.0] AndroidManifest.xml:54:9-63:19
91            android:name="com.google.firebase.components.ComponentDiscoveryService"
91-->[com.google.firebase:firebase-messaging:25.1.0] AndroidManifest.xml:55:13-84
92            android:directBootAware="true"
92-->[com.google.firebase:firebase-common:22.1.0] AndroidManifest.xml:32:13-43
93            android:exported="false" >
93-->[com.google.firebase:firebase-messaging:25.1.0] AndroidManifest.xml:56:13-37
94            <meta-data
94-->[com.google.firebase:firebase-messaging:25.1.0] AndroidManifest.xml:57:13-59:85
95                android:name="com.google.firebase.components:com.google.firebase.messaging.FirebaseMessagingKtxRegistrar"
95-->[com.google.firebase:firebase-messaging:25.1.0] AndroidManifest.xml:58:17-122
96                android:value="com.google.firebase.components.ComponentRegistrar" />
96-->[com.google.firebase:firebase-messaging:25.1.0] AndroidManifest.xml:59:17-82
97            <meta-data
97-->[com.google.firebase:firebase-messaging:25.1.0] AndroidManifest.xml:60:13-62:85
98                android:name="com.google.firebase.components:com.google.firebase.messaging.FirebaseMessagingRegistrar"
98-->[com.google.firebase:firebase-messaging:25.1.0] AndroidManifest.xml:61:17-119
99                android:value="com.google.firebase.components.ComponentRegistrar" />
99-->[com.google.firebase:firebase-messaging:25.1.0] AndroidManifest.xml:62:17-82
100            <meta-data
100-->[com.google.firebase:firebase-installations:19.1.1] AndroidManifest.xml:15:13-17:85
101                android:name="com.google.firebase.components:com.google.firebase.installations.FirebaseInstallationsKtxRegistrar"
101-->[com.google.firebase:firebase-installations:19.1.1] AndroidManifest.xml:16:17-130
102                android:value="com.google.firebase.components.ComponentRegistrar" />
102-->[com.google.firebase:firebase-installations:19.1.1] AndroidManifest.xml:17:17-82
103            <meta-data
103-->[com.google.firebase:firebase-installations:19.1.1] AndroidManifest.xml:18:13-20:85
104                android:name="com.google.firebase.components:com.google.firebase.installations.FirebaseInstallationsRegistrar"
104-->[com.google.firebase:firebase-installations:19.1.1] AndroidManifest.xml:19:17-127
105                android:value="com.google.firebase.components.ComponentRegistrar" />
105-->[com.google.firebase:firebase-installations:19.1.1] AndroidManifest.xml:20:17-82
106            <meta-data
106-->[com.google.firebase:firebase-common:22.1.0] AndroidManifest.xml:35:13-37:85
107                android:name="com.google.firebase.components:com.google.firebase.FirebaseCommonKtxRegistrar"
107-->[com.google.firebase:firebase-common:22.1.0] AndroidManifest.xml:36:17-109
108                android:value="com.google.firebase.components.ComponentRegistrar" />
108-->[com.google.firebase:firebase-common:22.1.0] AndroidManifest.xml:37:17-82
109            <meta-data
109-->[com.google.firebase:firebase-datatransport:18.2.0] AndroidManifest.xml:25:13-27:85
110                android:name="com.google.firebase.components:com.google.firebase.datatransport.TransportRegistrar"
110-->[com.google.firebase:firebase-datatransport:18.2.0] AndroidManifest.xml:26:17-115
111                android:value="com.google.firebase.components.ComponentRegistrar" />
111-->[com.google.firebase:firebase-datatransport:18.2.0] AndroidManifest.xml:27:17-82
112        </service>
113
114        <activity
114-->[com.google.android.gms:play-services-base:18.9.0] AndroidManifest.xml:20:9-22:45
115            android:name="com.google.android.gms.common.api.GoogleApiActivity"
115-->[com.google.android.gms:play-services-base:18.9.0] AndroidManifest.xml:20:19-85
116            android:exported="false"
116-->[com.google.android.gms:play-services-base:18.9.0] AndroidManifest.xml:22:19-43
117            android:theme="@android:style/Theme.Translucent.NoTitleBar" />
117-->[com.google.android.gms:play-services-base:18.9.0] AndroidManifest.xml:21:19-78
118
119        <provider
119-->[com.google.firebase:firebase-common:22.1.0] AndroidManifest.xml:23:9-28:39
120            android:name="com.google.firebase.provider.FirebaseInitProvider"
120-->[com.google.firebase:firebase-common:22.1.0] AndroidManifest.xml:24:13-77
121            android:authorities="com.habizy.app.firebaseinitprovider"
121-->[com.google.firebase:firebase-common:22.1.0] AndroidManifest.xml:25:13-72
122            android:directBootAware="true"
122-->[com.google.firebase:firebase-common:22.1.0] AndroidManifest.xml:26:13-43
123            android:exported="false"
123-->[com.google.firebase:firebase-common:22.1.0] AndroidManifest.xml:27:13-37
124            android:initOrder="100" />
124-->[com.google.firebase:firebase-common:22.1.0] AndroidManifest.xml:28:13-36
125        <provider
125-->[androidx.emoji2:emoji2:1.4.0] AndroidManifest.xml:24:9-32:20
126            android:name="androidx.startup.InitializationProvider"
126-->[androidx.emoji2:emoji2:1.4.0] AndroidManifest.xml:25:13-67
127            android:authorities="com.habizy.app.androidx-startup"
127-->[androidx.emoji2:emoji2:1.4.0] AndroidManifest.xml:26:13-68
128            android:exported="false" >
128-->[androidx.emoji2:emoji2:1.4.0] AndroidManifest.xml:27:13-37
129            <meta-data
129-->[androidx.emoji2:emoji2:1.4.0] AndroidManifest.xml:29:13-31:52
130                android:name="androidx.emoji2.text.EmojiCompatInitializer"
130-->[androidx.emoji2:emoji2:1.4.0] AndroidManifest.xml:30:17-75
131                android:value="androidx.startup" />
131-->[androidx.emoji2:emoji2:1.4.0] AndroidManifest.xml:31:17-49
132            <meta-data
132-->[androidx.lifecycle:lifecycle-process:2.9.1] AndroidManifest.xml:29:13-31:52
133                android:name="androidx.lifecycle.ProcessLifecycleInitializer"
133-->[androidx.lifecycle:lifecycle-process:2.9.1] AndroidManifest.xml:30:17-78
134                android:value="androidx.startup" />
134-->[androidx.lifecycle:lifecycle-process:2.9.1] AndroidManifest.xml:31:17-49
135            <meta-data
135-->[androidx.profileinstaller:profileinstaller:1.4.0] AndroidManifest.xml:29:13-31:52
136                android:name="androidx.profileinstaller.ProfileInstallerInitializer"
136-->[androidx.profileinstaller:profileinstaller:1.4.0] AndroidManifest.xml:30:17-85
137                android:value="androidx.startup" />
137-->[androidx.profileinstaller:profileinstaller:1.4.0] AndroidManifest.xml:31:17-49
138        </provider>
139
140        <meta-data
140-->[com.google.android.gms:play-services-basement:18.9.0] AndroidManifest.xml:21:9-23:69
141            android:name="com.google.android.gms.version"
141-->[com.google.android.gms:play-services-basement:18.9.0] AndroidManifest.xml:22:13-58
142            android:value="@integer/google_play_services_version" />
142-->[com.google.android.gms:play-services-basement:18.9.0] AndroidManifest.xml:23:13-66
143
144        <receiver
144-->[androidx.profileinstaller:profileinstaller:1.4.0] AndroidManifest.xml:34:9-52:20
145            android:name="androidx.profileinstaller.ProfileInstallReceiver"
145-->[androidx.profileinstaller:profileinstaller:1.4.0] AndroidManifest.xml:35:13-76
146            android:directBootAware="false"
146-->[androidx.profileinstaller:profileinstaller:1.4.0] AndroidManifest.xml:36:13-44
147            android:enabled="true"
147-->[androidx.profileinstaller:profileinstaller:1.4.0] AndroidManifest.xml:37:13-35
148            android:exported="true"
148-->[androidx.profileinstaller:profileinstaller:1.4.0] AndroidManifest.xml:38:13-36
149            android:permission="android.permission.DUMP" >
149-->[androidx.profileinstaller:profileinstaller:1.4.0] AndroidManifest.xml:39:13-57
150            <intent-filter>
150-->[androidx.profileinstaller:profileinstaller:1.4.0] AndroidManifest.xml:40:13-42:29
151                <action android:name="androidx.profileinstaller.action.INSTALL_PROFILE" />
151-->[androidx.profileinstaller:profileinstaller:1.4.0] AndroidManifest.xml:41:17-91
151-->[androidx.profileinstaller:profileinstaller:1.4.0] AndroidManifest.xml:41:25-88
152            </intent-filter>
153            <intent-filter>
153-->[androidx.profileinstaller:profileinstaller:1.4.0] AndroidManifest.xml:43:13-45:29
154                <action android:name="androidx.profileinstaller.action.SKIP_FILE" />
154-->[androidx.profileinstaller:profileinstaller:1.4.0] AndroidManifest.xml:44:17-85
154-->[androidx.profileinstaller:profileinstaller:1.4.0] AndroidManifest.xml:44:25-82
155            </intent-filter>
156            <intent-filter>
156-->[androidx.profileinstaller:profileinstaller:1.4.0] AndroidManifest.xml:46:13-48:29
157                <action android:name="androidx.profileinstaller.action.SAVE_PROFILE" />
157-->[androidx.profileinstaller:profileinstaller:1.4.0] AndroidManifest.xml:47:17-88
157-->[androidx.profileinstaller:profileinstaller:1.4.0] AndroidManifest.xml:47:25-85
158            </intent-filter>
159            <intent-filter>
159-->[androidx.profileinstaller:profileinstaller:1.4.0] AndroidManifest.xml:49:13-51:29
160                <action android:name="androidx.profileinstaller.action.BENCHMARK_OPERATION" />
160-->[androidx.profileinstaller:profileinstaller:1.4.0] AndroidManifest.xml:50:17-95
160-->[androidx.profileinstaller:profileinstaller:1.4.0] AndroidManifest.xml:50:25-92
161            </intent-filter>
162        </receiver>
163
164        <service
164-->[com.google.android.datatransport:transport-backend-cct:3.1.9] AndroidManifest.xml:28:9-34:19
165            android:name="com.google.android.datatransport.runtime.backends.TransportBackendDiscovery"
165-->[com.google.android.datatransport:transport-backend-cct:3.1.9] AndroidManifest.xml:29:13-103
166            android:exported="false" >
166-->[com.google.android.datatransport:transport-backend-cct:3.1.9] AndroidManifest.xml:30:13-37
167            <meta-data
167-->[com.google.android.datatransport:transport-backend-cct:3.1.9] AndroidManifest.xml:31:13-33:39
168                android:name="backend:com.google.android.datatransport.cct.CctBackendFactory"
168-->[com.google.android.datatransport:transport-backend-cct:3.1.9] AndroidManifest.xml:32:17-94
169                android:value="cct" />
169-->[com.google.android.datatransport:transport-backend-cct:3.1.9] AndroidManifest.xml:33:17-36
170        </service>
171        <service
171-->[com.google.android.datatransport:transport-runtime:3.1.9] AndroidManifest.xml:26:9-30:19
172            android:name="com.google.android.datatransport.runtime.scheduling.jobscheduling.JobInfoSchedulerService"
172-->[com.google.android.datatransport:transport-runtime:3.1.9] AndroidManifest.xml:27:13-117
173            android:exported="false"
173-->[com.google.android.datatransport:transport-runtime:3.1.9] AndroidManifest.xml:28:13-37
174            android:permission="android.permission.BIND_JOB_SERVICE" >
174-->[com.google.android.datatransport:transport-runtime:3.1.9] AndroidManifest.xml:29:13-69
175        </service>
176
177        <receiver
177-->[com.google.android.datatransport:transport-runtime:3.1.9] AndroidManifest.xml:32:9-34:40
178            android:name="com.google.android.datatransport.runtime.scheduling.jobscheduling.AlarmManagerSchedulerBroadcastReceiver"
178-->[com.google.android.datatransport:transport-runtime:3.1.9] AndroidManifest.xml:33:13-132
179            android:exported="false" />
179-->[com.google.android.datatransport:transport-runtime:3.1.9] AndroidManifest.xml:34:13-37
180    </application>
181
182</manifest>